Started by user admin
Running as SYSTEM
Building in workspace C:\Users\Professional\.jenkins\workspace\addressbook_tests
The recommended git tool is: NONE
No credentials specified
Cloning the remote Git repository
Cloning repository https://github.com/BSV777/python_selenium
 > git.exe init C:\Users\Professional\.jenkins\workspace\addressbook_tests # timeout=10
Fetching upstream changes from https://github.com/BSV777/python_selenium
 > git.exe --version # timeout=10
 > git --version # 'git version 2.33.0.windows.2'
 > git.exe fetch --tags --force --progress -- https://github.com/BSV777/python_selenium +refs/heads/*:refs/remotes/origin/* # timeout=10
 > git.exe config remote.origin.url https://github.com/BSV777/python_selenium # timeout=10
 > git.exe config --add remote.origin.fetch +refs/heads/*:refs/remotes/origin/* # timeout=10
Avoid second fetch
 > git.exe rev-parse "refs/remotes/origin/main^{commit}" # timeout=10
Checking out Revision 689e1e80fe496f7f8daee90de17af8f7d687423b (refs/remotes/origin/main)
 > git.exe config core.sparsecheckout # timeout=10
 > git.exe checkout -f 689e1e80fe496f7f8daee90de17af8f7d687423b # timeout=10
Commit message: "Allure"
 > git.exe rev-list --no-walk 2ffc2862876e29e0a43eaf4f34c1d2a762078b4a # timeout=10
[addressbook_tests] $ cmd.exe /C "C:\Users\Professional\AppData\Local\Programs\Python\Python39\python.exe C:\Users\Professional\.jenkins\shiningpanda\jobs\22901e47\virtualenv.py C:\Users\Professional\.jenkins\shiningpanda\jobs\22901e47\virtualenvs\d41d8cd9 && exit %%ERRORLEVEL%%"
C:\Users\Professional\.jenkins\shiningpanda\jobs\22901e47\virtualenv.py:1041: DeprecationWarning: the imp module is deprecated in favour of importlib; see the module's documentation for alternative uses
  import imp
PYTHONHOME is set.  You *must* activate the virtualenv before using it
Using base prefix 'C:\\Users\\Professional\\AppData\\Local\\Programs\\Python\\Python39'
New python executable in C:\Users\Professional\.jenkins\shiningpanda\jobs\22901e47\virtualenvs\d41d8cd9\Scripts\python.exe
Installing setuptools, pip, wheel...done.
[addressbook_tests] $ cmd.exe /c call C:\Users\PROFES~1\AppData\Local\Temp\shiningpanda8827323791067347369.bat

C:\Users\Professional\.jenkins\workspace\addressbook_tests>pip install -r requirements.txt 
Collecting pytest
  Using cached pytest-6.2.5-py3-none-any.whl (280 kB)
Collecting pytest_bdd
  Using cached pytest_bdd-5.0.0-py3-none-any.whl (38 kB)
Collecting selenium
  Using cached selenium-4.1.0-py3-none-any.whl (958 kB)
Collecting jsonpickle
  Using cached jsonpickle-2.1.0-py2.py3-none-any.whl (38 kB)
Collecting pony
  Using cached pony-0.7.14-py3-none-any.whl
Collecting pymysql
  Using cached PyMySQL-1.0.2-py3-none-any.whl (43 kB)
Collecting lxml
  Using cached lxml-4.7.1-cp39-cp39-win_amd64.whl (3.7 MB)
Collecting allure-pytest
  Using cached allure_pytest-2.9.45-py3-none-any.whl (9.8 kB)
Collecting pytest-allure-adaptor
  Using cached pytest_allure_adaptor-1.7.10-py3-none-any.whl (21 kB)
Collecting toml
  Using cached toml-0.10.2-py2.py3-none-any.whl (16 kB)
Collecting pluggy<2.0,>=0.12
  Using cached pluggy-1.0.0-py2.py3-none-any.whl (13 kB)
Collecting attrs>=19.2.0
  Using cached attrs-21.4.0-py2.py3-none-any.whl (60 kB)
Collecting colorama
  Using cached colorama-0.4.4-py2.py3-none-any.whl (16 kB)
Collecting atomicwrites>=1.0
  Using cached atomicwrites-1.4.0-py2.py3-none-any.whl (6.8 kB)
Collecting iniconfig
  Using cached iniconfig-1.1.1-py2.py3-none-any.whl (5.0 kB)
Collecting py>=1.8.2
  Using cached py-1.11.0-py2.py3-none-any.whl (98 kB)
Collecting packaging
  Using cached packaging-21.3-py3-none-any.whl (40 kB)
Collecting glob2
  Using cached glob2-0.7-py2.py3-none-any.whl
Collecting parse-type
  Using cached parse_type-0.5.2-py2.py3-none-any.whl (32 kB)
Collecting parse
  Using cached parse-1.19.0-py3-none-any.whl
Collecting Mako
  Using cached Mako-1.1.6-py2.py3-none-any.whl (75 kB)
Collecting trio-websocket~=0.9
  Using cached trio_websocket-0.9.2-py3-none-any.whl (16 kB)
Collecting urllib3[secure]~=1.26
  Using cached urllib3-1.26.8-py2.py3-none-any.whl (138 kB)
Collecting trio~=0.17
  Using cached trio-0.19.0-py3-none-any.whl (356 kB)
Collecting six>=1.9.0
  Using cached six-1.16.0-py2.py3-none-any.whl (11 kB)
Collecting allure-python-commons==2.9.45
  Using cached allure_python_commons-2.9.45-py3-none-any.whl (15 kB)
Collecting namedlist
  Using cached namedlist-1.8-py2.py3-none-any.whl (15 kB)
Collecting enum34
  Using cached enum34-1.1.10-py3-none-any.whl (11 kB)
Collecting sniffio
  Using cached sniffio-1.2.0-py3-none-any.whl (10 kB)
Collecting cffi>=1.14
  Using cached cffi-1.15.0-cp39-cp39-win_amd64.whl (180 kB)
Collecting outcome
  Using cached outcome-1.1.0-py2.py3-none-any.whl (9.7 kB)
Collecting async-generator>=1.9
  Using cached async_generator-1.10-py3-none-any.whl (18 kB)
Collecting idna
  Using cached idna-3.3-py3-none-any.whl (61 kB)
Collecting sortedcontainers
  Using cached sortedcontainers-2.4.0-py2.py3-none-any.whl (29 kB)
Collecting wsproto>=0.14
  Using cached wsproto-1.0.0-py3-none-any.whl (24 kB)
Collecting certifi
  Using cached certifi-2021.10.8-py2.py3-none-any.whl (149 kB)
Collecting cryptography>=1.3.4
  Using cached cryptography-36.0.1-cp36-abi3-win_amd64.whl (2.2 MB)
Collecting pyOpenSSL>=0.14
  Using cached pyOpenSSL-21.0.0-py2.py3-none-any.whl (55 kB)
Collecting MarkupSafe>=0.9.2
  Using cached MarkupSafe-2.0.1-cp39-cp39-win_amd64.whl (14 kB)
Collecting pyparsing!=3.0.5,>=2.0.2
  Using cached pyparsing-3.0.6-py3-none-any.whl (97 kB)
Collecting pycparser
  Using cached pycparser-2.21-py2.py3-none-any.whl (118 kB)
Collecting h11<1,>=0.9.0
  Using cached h11-0.12.0-py3-none-any.whl (54 kB)
Installing collected packages: pycparser, cffi, attrs, sortedcontainers, sniffio, six, pyparsing, outcome, idna, h11, cryptography, async-generator, wsproto, urllib3, trio, toml, pyOpenSSL, py, pluggy, parse, packaging, MarkupSafe, iniconfig, colorama, certifi, atomicwrites, trio-websocket, pytest, parse-type, namedlist, Mako, lxml, glob2, enum34, allure-python-commons, selenium, pytest-bdd, pytest-allure-adaptor, pymysql, pony, jsonpickle, allure-pytest
Successfully installed Mako-1.1.6 MarkupSafe-2.0.1 allure-pytest-2.9.45 allure-python-commons-2.9.45 async-generator-1.10 atomicwrites-1.4.0 attrs-21.4.0 certifi-2021.10.8 cffi-1.15.0 colorama-0.4.4 cryptography-36.0.1 enum34-1.1.10 glob2-0.7 h11-0.12.0 idna-3.3 iniconfig-1.1.1 jsonpickle-2.1.0 lxml-4.7.1 namedlist-1.8 outcome-1.1.0 packaging-21.3 parse-1.19.0 parse-type-0.5.2 pluggy-1.0.0 pony-0.7.14 py-1.11.0 pyOpenSSL-21.0.0 pycparser-2.21 pymysql-1.0.2 pyparsing-3.0.6 pytest-6.2.5 pytest-allure-adaptor-1.7.10 pytest-bdd-5.0.0 selenium-4.1.0 six-1.16.0 sniffio-1.2.0 sortedcontainers-2.4.0 toml-0.10.2 trio-0.19.0 trio-websocket-0.9.2 urllib3-1.26.8 wsproto-1.0.0

C:\Users\Professional\.jenkins\workspace\addressbook_tests>py.test --junitxml=results.xml --allurdir allure-results test\test_add_group.py 
Traceback (most recent call last):
  File "C:\Users\Professional\AppData\Local\Programs\Python\Python39\Lib\runpy.py", line 197, in _run_module_as_main
    return _run_code(code, main_globals, None,
  File "C:\Users\Professional\AppData\Local\Programs\Python\Python39\Lib\runpy.py", line 87, in _run_code
    exec(code, run_globals)
  File "C:\Users\Professional\.jenkins\shiningpanda\jobs\22901e47\virtualenvs\d41d8cd9\Scripts\py.test.exe\__main__.py", line 7, in <module>
  File "c:\users\professional\.jenkins\shiningpanda\jobs\22901e47\virtualenvs\d41d8cd9\lib\site-packages\_pytest\config\__init__.py", line 185, in console_main
    code = main()
  File "c:\users\professional\.jenkins\shiningpanda\jobs\22901e47\virtualenvs\d41d8cd9\lib\site-packages\_pytest\config\__init__.py", line 143, in main
    config = _prepareconfig(args, plugins)
  File "c:\users\professional\.jenkins\shiningpanda\jobs\22901e47\virtualenvs\d41d8cd9\lib\site-packages\_pytest\config\__init__.py", line 318, in _prepareconfig
    config = pluginmanager.hook.pytest_cmdline_parse(
  File "c:\users\professional\.jenkins\shiningpanda\jobs\22901e47\virtualenvs\d41d8cd9\lib\site-packages\pluggy\_hooks.py", line 265, in __call__
    return self._hookexec(self.name, self.get_hookimpls(), kwargs, firstresult)
  File "c:\users\professional\.jenkins\shiningpanda\jobs\22901e47\virtualenvs\d41d8cd9\lib\site-packages\pluggy\_manager.py", line 80, in _hookexec
    return self._inner_hookexec(hook_name, methods, kwargs, firstresult)
  File "c:\users\professional\.jenkins\shiningpanda\jobs\22901e47\virtualenvs\d41d8cd9\lib\site-packages\pluggy\_callers.py", line 55, in _multicall
    gen.send(outcome)
  File "c:\users\professional\.jenkins\shiningpanda\jobs\22901e47\virtualenvs\d41d8cd9\lib\site-packages\_pytest\helpconfig.py", line 100, in pytest_cmdline_parse
    config: Config = outcome.get_result()
  File "c:\users\professional\.jenkins\shiningpanda\jobs\22901e47\virtualenvs\d41d8cd9\lib\site-packages\pluggy\_result.py", line 60, in get_result
    raise ex[1].with_traceback(ex[2])
  File "c:\users\professional\.jenkins\shiningpanda\jobs\22901e47\virtualenvs\d41d8cd9\lib\site-packages\pluggy\_callers.py", line 39, in _multicall
    res = hook_impl.function(*args)
  File "c:\users\professional\.jenkins\shiningpanda\jobs\22901e47\virtualenvs\d41d8cd9\lib\site-packages\_pytest\config\__init__.py", line 1003, in pytest_cmdline_parse
    self.parse(args)
  File "c:\users\professional\.jenkins\shiningpanda\jobs\22901e47\virtualenvs\d41d8cd9\lib\site-packages\_pytest\config\__init__.py", line 1283, in parse
    self._preparse(args, addopts=addopts)
  File "c:\users\professional\.jenkins\shiningpanda\jobs\22901e47\virtualenvs\d41d8cd9\lib\site-packages\_pytest\config\__init__.py", line 1172, in _preparse
    self.pluginmanager.load_setuptools_entrypoints("pytest11")
  File "c:\users\professional\.jenkins\shiningpanda\jobs\22901e47\virtualenvs\d41d8cd9\lib\site-packages\pluggy\_manager.py", line 288, in load_setuptools_entrypoints
    self.register(plugin, name=ep.name)
  File "c:\users\professional\.jenkins\shiningpanda\jobs\22901e47\virtualenvs\d41d8cd9\lib\site-packages\_pytest\config\__init__.py", line 436, in register
    ret: Optional[str] = super().register(plugin, name)
  File "c:\users\professional\.jenkins\shiningpanda\jobs\22901e47\virtualenvs\d41d8cd9\lib\site-packages\pluggy\_manager.py", line 115, in register
    hook._maybe_apply_history(hookimpl)
  File "c:\users\professional\.jenkins\shiningpanda\jobs\22901e47\virtualenvs\d41d8cd9\lib\site-packages\pluggy\_hooks.py", line 300, in _maybe_apply_history
    res = self._hookexec(self.name, [method], kwargs, False)
  File "c:\users\professional\.jenkins\shiningpanda\jobs\22901e47\virtualenvs\d41d8cd9\lib\site-packages\pluggy\_manager.py", line 80, in _hookexec
    return self._inner_hookexec(hook_name, methods, kwargs, firstresult)
  File "c:\users\professional\.jenkins\shiningpanda\jobs\22901e47\virtualenvs\d41d8cd9\lib\site-packages\pluggy\_callers.py", line 60, in _multicall
    return outcome.get_result()
  File "c:\users\professional\.jenkins\shiningpanda\jobs\22901e47\virtualenvs\d41d8cd9\lib\site-packages\pluggy\_result.py", line 60, in get_result
    raise ex[1].with_traceback(ex[2])
  File "c:\users\professional\.jenkins\shiningpanda\jobs\22901e47\virtualenvs\d41d8cd9\lib\site-packages\pluggy\_callers.py", line 39, in _multicall
    res = hook_impl.function(*args)
  File "c:\users\professional\.jenkins\shiningpanda\jobs\22901e47\virtualenvs\d41d8cd9\lib\site-packages\allure_pytest\plugin.py", line 54, in pytest_addoption
    severities = [x.value for x in list(allure.severity_level)]
AttributeError: module 'allure' has no attribute 'severity_level'

C:\Users\Professional\.jenkins\workspace\addressbook_tests>exit 1 
Build step 'Virtualenv Builder' marked build as failure
Recording test results
ERROR: Step ‘Publish JUnit test result report’ failed: No test report files were found. Configuration error?
Finished: FAILURE
